<?xml version="1.0" encoding="UTF-8"?>
<!-- Generated by org.testng.reporters.JUnitXMLReporter -->
<testsuite ignored="0" hostname="LAPTOP-P36ABI33" failures="0" tests="4" name="FirefoxTest" time="0.017" errors="0" timestamp="2023-08-16T19:47:12 IST">
  <testcase classname="com.qa.testCases.Test_Login_Page" name="testLoginPage" time="0.0">
    <skipped/>
  </testcase> <!-- testLoginPage -->
  <testcase classname="com.qa.testCases.Test_Login_Page" name="test1" time="0.0">
    <skipped/>
  </testcase> <!-- test1 -->
  <testcase classname="com.qa.testCases.Test_Login_Page" name="test2" time="0.0">
    <skipped/>
  </testcase> <!-- test2 -->
  <testcase classname="com.qa.testCases.Test_Login_Page" name="test3" time="0.0">
    <skipped/>
  </testcase> <!-- test3 -->
</testsuite> <!-- FirefoxTest -->
