<?xml version="1.0" encoding="UTF-8"?>
<testng-results ignored="0" total="1" passed="1" failed="0" skipped="0">
  <reporter-output>
  </reporter-output>
  <suite started-at="2023-08-10T17:58:05 IST" name="Suite" finished-at="2023-08-10T17:58:13 IST" duration-ms="8247">
    <groups>
    </groups>
    <test started-at="2023-08-10T17:58:05 IST" name="Test" finished-at="2023-08-10T17:58:13 IST" duration-ms="8247">
      <class name="com.qa.testCases.Test_Login_Page">
        <test-method is-config="true" signature="setup()[pri:0, instance:com.qa.testCases.Test_Login_Page@26e356f0]" started-at="2023-08-10T17:58:05 IST" name="setup" finished-at="2023-08-10T17:58:12 IST" duration-ms="6571" status="PASS">
          <reporter-output>
          </reporter-output>
        </test-method> <!-- setup -->
        <test-method signature="testLoginPage()[pri:0, instance:com.qa.testCases.Test_Login_Page@26e356f0]" started-at="2023-08-10T17:58:12 IST" name="testLoginPage" finished-at="2023-08-10T17:58:13 IST" duration-ms="1521" status="PASS">
          <reporter-output>
          </reporter-output>
        </test-method> <!-- testLoginPage -->
        <test-method is-config="true" signature="tearDown()[pri:0, instance:com.qa.testCases.Test_Login_Page@26e356f0]" started-at="2023-08-10T17:58:13 IST" name="tearDown" finished-at="2023-08-10T17:58:13 IST" duration-ms="131" status="PASS">
          <reporter-output>
          </reporter-output>
        </test-method> <!-- tearDown -->
      </class> <!-- com.qa.testCases.Test_Login_Page -->
    </test> <!-- Test -->
  </suite> <!-- Suite -->
</testng-results>
